0 info it worked if it ends with ok
1 verbose cli [ 'node', '/Users/RickVanCamp/.node/bin/npm', 'run', 'watch' ]
2 info using npm@2.11.3
3 info using node@v0.12.5
4 verbose node symlink /usr/local/bin/node
5 verbose stack Error: Failed to parse json
5 verbose stack Unexpected token 'k' at 45:4
5 verbose stack   "keywords": [
5 verbose stack    ^
5 verbose stack     at parseError (/Users/RickVanCamp/.node/lib/node_modules/npm/node_modules/read-package-json/read-json.js:379:11)
5 verbose stack     at parseJson (/Users/RickVanCamp/.node/lib/node_modules/npm/node_modules/read-package-json/read-json.js:68:23)
5 verbose stack     at /Users/RickVanCamp/.node/lib/node_modules/npm/node_modules/read-package-json/read-json.js:48:5
5 verbose stack     at evalmachine.<anonymous>:334:14
5 verbose stack     at /Users/RickVanCamp/.node/lib/node_modules/npm/node_modules/graceful-fs/graceful-fs.js:102:5
5 verbose stack     at FSReqWrap.oncomplete (evalmachine.<anonymous>:95:15)
6 verbose cwd /Users/RickVanCamp/opal
7 error Darwin 14.4.0
8 error argv "node" "/Users/RickVanCamp/.node/bin/npm" "run" "watch"
9 error node v0.12.5
10 error npm  v2.11.3
11 error file /Users/RickVanCamp/opal/package.json
12 error code EJSONPARSE
13 error Failed to parse json
13 error Unexpected token 'k' at 45:4
13 error   "keywords": [
13 error    ^
14 error File: /Users/RickVanCamp/opal/package.json
15 error Failed to parse package.json data.
15 error package.json must be actual JSON, not just JavaScript.
15 error
15 error This is not a bug in npm.
15 error Tell the package author to fix their package.json file. JSON.parse
16 verbose exit [ 1, true ]
